<?xml version="1.0" encoding="UTF-8"?>
<coverage generated="1558014415898" clover="3.2.0">
  <project timestamp="1558014415898" name="All files">
    <metrics statements="6" coveredstatements="6" conditionals="0" coveredconditionals="0" methods="3" coveredmethods="3" elements="9" coveredelements="9" complexity="0" loc="6" ncloc="6" packages="1" files="1" classes="1"/>
    <file name="ProtoCardTemplate.js" path="/Users/budros/Projects/MAKERS/FinalProject/front_end/src/ProtoCardTemplate.js">
      <metrics statements="6" coveredstatements="6" conditionals="0" coveredconditionals="0" methods="3" coveredmethods="3"/>
      <line num="7" count="1" type="stmt"/>
      <line num="10" count="2" type="stmt"/>
      <line num="25" count="2" type="stmt"/>
      <line num="26" count="2" type="stmt"/>
      <line num="27" count="4" type="stmt"/>
      <line num="29" count="2" type="stmt"/>
    </file>
  </project>
</coverage>
