{"/Users/budros/Projects/MAKERS/FinalProject/front_end/src/ProtoCardTemplate.js": {"path":"/Users/budros/Projects/MAKERS/FinalProject/front_end/src/ProtoCardTemplate.js","statementMap":{"0":{"start":{"line":7,"column":15},"end":{"line":7,"column":21}},"1":{"start":{"line":10,"column":4},"end":{"line":10,"column":17}},"2":{"start":{"line":25,"column":19},"end":{"line":25,"column":32}},"3":{"start":{"line":26,"column":23},"end":{"line":28,"column":5}},"4":{"start":{"line":27,"column":6},"end":{"line":27,"column":36}},"5":{"start":{"line":29,"column":4},"end":{"line":33,"column":6}}},"fnMap":{"0":{"name":"(anonymous_0)","decl":{"start":{"line":9,"column":2},"end":{"line":9,"column":3}},"loc":{"start":{"line":9,"column":21},"end":{"line":11,"column":3}},"line":9},"1":{"name":"(anonymous_1)","decl":{"start":{"line":24,"column":2},"end":{"line":24,"column":3}},"loc":{"start":{"line":24,"column":11},"end":{"line":34,"column":3}},"line":24},"2":{"name":"(anonymous_2)","decl":{"start":{"line":26,"column":34},"end":{"line":26,"column":35}},"loc":{"start":{"line":27,"column":6},"end":{"line":27,"column":36}},"line":27}},"branchMap":{},"s":{"0":1,"1":2,"2":2,"3":2,"4":4,"5":2},"f":{"0":2,"1":2,"2":4},"b":{},"_coverageSchema":"43e27e138ebf9cfc5966b082cf9a028302ed4184","hash":"0d09cf746b6d34c69486bbe23398b78b9e24318a"}
}
